vagrant@k3:~$ cat /etc/*release
DISTRIB_DESCRIPTION="Ubuntu 14.04.6 LTS"
vagrant@k3:~$ uname -a
Linux k3 4.4.0-148-generic #174~14.04.1-Ubuntu SMP Thu May 9 08:17:37 UTC 2019 x86_64 x86_64 x86_64 GNU/Linux
vagrant@k3:~$
vagrant@k3:~$ sudo docker version
Client:
 Version:           18.06.3-ce
 API version:       1.38
 Go version:        go1.10.3
 Git commit:        d7080c1
 Built:             Wed Feb 20 02:27:13 2019
 OS/Arch:           linux/amd64
 Experimental:      false

Server:
 Engine:
  Version:          18.06.3-ce
  API version:      1.38 (minimum version 1.12)
  Go version:       go1.10.3
  Git commit:       d7080c1
  Built:            Wed Feb 20 02:25:38 2019
  OS/Arch:          linux/amd64
  Experimental:     false
vagrant@k3:~$


[vagrant@oracle7 ~]$ cat /etc/*release
Oracle Linux Server release 7.7

[vagrant@oracle7 ~]$ sudo docker version
Client: Docker Engine - Community
 Version:           19.03.5
 API version:       1.40
 Go version:        go1.12.12
 Git commit:        633a0ea
 Built:             Wed Nov 13 07:25:41 2019
 OS/Arch:           linux/amd64
 Experimental:      false

Server: Docker Engine - Community
 Engine:
  Version:          19.03.5
  API version:      1.40 (minimum version 1.12)
  Go version:       go1.12.12
  Git commit:       633a0ea
  Built:            Wed Nov 13 07:24:18 2019
  OS/Arch:          linux/amd64
  Experimental:     false
 containerd:
  Version:          1.2.10
  GitCommit:        b34a5c8af56e510852c35414db4c1f4fa6172339
 runc:
  Version:          1.0.0-rc8+dev
  GitCommit:        3e425f80a8c931f88e6d94a8c831b9d5aa481657
 docker-init:
  Version:          0.18.0
  GitCommit:        fec3683


[vagrant@oracle7 ~]$ sudo docker ps -a
CONTAINER ID        IMAGE               COMMAND                  CREATED             STATUS                   PORTS               NAMES
754e908ec1bd        mariadb             "docker-entrypoint.s…"   2 minutes ago       Up 2 minutes             3306/tcp            stupefied_lovelace

[vagrant@oracle7 ~]$ sudo docker run -e DB_VENDOR=mariadb -e DB_ADDR=172.17.0.2 -e DB_DATABASE=keycloak -e DB_USER=keycloak -e DB_PASSWORD=password -e KEYCLOAK_USER=admin -e KEYCLOAK_PASSWORD=admin -e JGROUPS_DISCOVERY_PROTOCOL=JDBC_PING -e JGROUPS_DISCOVERY_PROPERTIES="datasource_jndi_name=java:jboss/datasources/KeycloakDS" quay.io/keycloak/keycloak:latest

[vagrant@oracle7 ~]$ sudo docker ps -a
CONTAINER ID        IMAGE                              COMMAND                  CREATED             STATUS                     PORTS               NAMES
6a0ed8ea0dad        quay.io/keycloak/keycloak:latest   "/opt/jboss/tools/do…"   54 seconds ago      Exited (0) 4 seconds ago                       laughing_pare
754e908ec1bd        mariadb                            "docker-entrypoint.s…"   5 minutes ago       Up 2 minutes               3306/tcp            stupefied_lovelace
[vagrant@oracle7 ~]$ sudo docker start 6a0
[vagrant@oracle7 ~]$ sudo docker logs  6a0 -f
Added 'admin' to '/opt/jboss/keycloak/standalone/configuration/keycloak-add-user.json', restart server to load user
-b 0.0.0.0
=========================================================================

  Using MariaDB database

=========================================================================

13:20:52,588 INFO  [org.jboss.modules] (CLI command executor) JBoss Modules version 1.9.1.Final
13:20:52,665 INFO  [org.jboss.msc] (CLI command executor) JBoss MSC version 1.4.11.Final
13:20:52,674 INFO  [org.jboss.threads] (CLI command executor) JBoss Threads version 2.3.3.Final
13:20:52,798 INFO  [org.jboss.as] (MSC service thread 1-1) WFLYSRV0049: Keycloak 8.0.1 (WildFly Core 10.0.3.Final) starting
13:20:53,703 INFO  [org.wildfly.security] (ServerService Thread Pool -- 20) ELY00001: WildFly Elytron version 1.10.4.Final
13:20:54,290 INFO  [org.jboss.as.controller.management-deprecated] (Controller Boot Thread) WFLYCTL0028: Attribute 'security-realm' in the resource at address '/core-service=management/management-interface=http-interface' is deprecated, and may be removed in a future version. See the attribute description in the output of the read-resource-description operation to learn more about the deprecation.
13:20:54,367 INFO  [org.jboss.as.controller.management-deprecated] (Controller Boot Thread) WFLYCTL0028: Attribute 'security-realm' in the resource at address '/subsystem=undertow/server=default-server/https-listener=https' is deprecated, and may be removed in a future version. See the attribute description in the output of the read-resource-description operation to learn more about the deprecation.
13:20:54,522 INFO  [org.jboss.as.patching] (MSC service thread 1-4) WFLYPAT0050: Keycloak cumulative patch ID is: base, one-off patches include: none
13:20:54,537 WARN  [org.jboss.as.domain.management.security] (MSC service thread 1-1) WFLYDM0111: Keystore /opt/jboss/keycloak/standalone/configuration/application.keystore not found, it will be auto generated on first use with a self signed certificate for host localhost
13:20:54,644 INFO  [org.jboss.as.server] (Controller Boot Thread) WFLYSRV0212: Resuming server
13:20:54,645 INFO  [org.jboss.as] (Controller Boot Thread) WFLYSRV0025: Keycloak 8.0.1 (WildFly Core 10.0.3.Final) started in 2040ms - Started 55 of 78 services (32 services are lazy, passive or on-demand)
The batch executed successfully
13:20:54,940 INFO  [org.jboss.as] (MSC service thread 1-3) WFLYSRV0050: Keycloak 8.0.1 (WildFly Core 10.0.3.Final) stopped in 25ms
13:20:56,348 INFO  [org.jboss.modules] (CLI command executor) JBoss Modules version 1.9.1.Final
13:20:56,391 INFO  [org.jboss.msc] (CLI command executor) JBoss MSC version 1.4.11.Final
13:20:56,398 INFO  [org.jboss.threads] (CLI command executor) JBoss Threads version 2.3.3.Final
13:20:56,498 INFO  [org.jboss.as] (MSC service thread 1-2) WFLYSRV0049: Keycloak 8.0.1 (WildFly Core 10.0.3.Final) starting
13:20:57,413 INFO  [org.wildfly.security] (ServerService Thread Pool -- 22) ELY00001: WildFly Elytron version 1.10.4.Final
13:20:58,305 INFO  [org.jboss.as.controller.management-deprecated] (Controller Boot Thread) WFLYCTL0028: Attribute 'security-realm' in the resource at address '/core-service=management/management-interface=http-interface' is deprecated, and may be removed in a future version. See the attribute description in the output of the read-resource-description operation to learn more about the deprecation.
13:20:58,405 INFO  [org.jboss.as.controller.management-deprecated] (Controller Boot Thread) WFLYCTL0028: Attribute 'security-realm' in the resource at address '/subsystem=undertow/server=default-server/https-listener=https' is deprecated, and may be removed in a future version. See the attribute description in the output of the read-resource-description operation to learn more about the deprecation.
13:20:58,587 INFO  [org.jboss.as.patching] (MSC service thread 1-4) WFLYPAT0050: Keycloak cumulative patch ID is: base, one-off patches include: none
13:20:58,618 WARN  [org.jboss.as.domain.management.security] (MSC service thread 1-2) WFLYDM0111: Keystore /opt/jboss/keycloak/standalone/configuration/application.keystore not found, it will be auto generated on first use with a self signed certificate for host localhost
13:20:58,749 INFO  [org.jboss.as.server] (Controller Boot Thread) WFLYSRV0212: Resuming server
13:20:58,751 INFO  [org.jboss.as] (Controller Boot Thread) WFLYSRV0025: Keycloak 8.0.1 (WildFly Core 10.0.3.Final) started in 2398ms - Started 55 of 85 services (39 services are lazy, passive or on-demand)
The batch executed successfully
13:20:58,945 INFO  [org.jboss.as] (MSC service thread 1-4) WFLYSRV0050: Keycloak 8.0.1 (WildFly Core 10.0.3.Final) stopped in 20ms
Setting JGroups discovery to JDBC_PING with properties {datasource_jndi_name=>java:jboss/datasources/KeycloakDS}
=========================================================================

  JBoss Bootstrap Environment

  JBOSS_HOME: /opt/jboss/keycloak

  JAVA: java

  JAVA_OPTS:  -server -Xms64m -Xmx512m -XX:MetaspaceSize=96M -XX:MaxMetaspaceSize=256m -Djava.net.preferIPv4Stack=true -Djboss.modules.system.pkgs=org.jboss.byteman -Djava.awt.headless=true  --add-exports=java.base/sun.nio.ch=ALL-UNNAMED --add-exports=jdk.unsupported/sun.misc=ALL-UNNAMED --add-exports=jdk.unsupported/sun.reflect=ALL-UNNAMED

=========================================================================

13:21:03,782 INFO  [org.jboss.modules] (main) JBoss Modules version 1.9.1.Final
13:21:04,274 INFO  [org.jboss.msc] (main) JBoss MSC version 1.4.11.Final
13:21:04,281 INFO  [org.jboss.threads] (main) JBoss Threads version 2.3.3.Final
13:21:04,404 INFO  [org.jboss.as] (MSC service thread 1-1) WFLYSRV0049: Keycloak 8.0.1 (WildFly Core 10.0.3.Final) starting
13:21:05,379 INFO  [org.wildfly.security] (ServerService Thread Pool -- 22) ELY00001: WildFly Elytron version 1.10.4.Final
13:21:06,334 INFO  [org.jboss.as.controller.management-deprecated] (Controller Boot Thread) WFLYCTL0028: Attribute 'security-realm' in the resource at address '/core-service=management/management-interface=http-interface' is deprecated, and may be removed in a future version. See the attribute description in the output of the read-resource-description operation to learn more about the deprecation.
13:21:06,383 INFO  [org.jboss.as.controller.management-deprecated] (ServerService Thread Pool -- 10) WFLYCTL0028: Attribute 'security-realm' in the resource at address '/subsystem=undertow/server=default-server/https-listener=https' is deprecated, and may be removed in a future version. See the attribute description in the output of the read-resource-description operation to learn more about the deprecation.
13:21:06,611 INFO  [org.jboss.as.server] (Controller Boot Thread) WFLYSRV0039: Creating http management service using socket-binding (management-http)
13:21:06,637 INFO  [org.xnio] (MSC service thread 1-2) XNIO version 3.7.3.Final
13:21:06,650 INFO  [org.xnio.nio] (MSC service thread 1-2) XNIO NIO Implementation Version 3.7.3.Final
13:21:06,708 INFO  [org.jboss.as.clustering.infinispan] (ServerService Thread Pool -- 39) WFLYCLINF0001: Activating Infinispan subsystem.
13:21:06,758 WARN  [org.jboss.as.txn] (ServerService Thread Pool -- 57) WFLYTX0013: The node-identifier attribute on the /subsystem=transactions is set to the default value. This is a danger for environments running multiple servers. Please make sure the attribute value is unique.
13:21:06,785 INFO  [org.jboss.as.naming] (ServerService Thread Pool -- 52) WFLYNAM0001: Activating Naming Subsystem
13:21:06,789 INFO  [org.jboss.as.security] (ServerService Thread Pool -- 55) WFLYSEC0002: Activating Security Subsystem
13:21:06,760 INFO  [org.wildfly.extension.io] (ServerService Thread Pool -- 40) WFLYIO001: Worker 'default' has auto-configured to 4 core threads with 32 task threads based on your 2 available processors
13:21:06,764 INFO  [org.wildfly.extension.microprofile.config.smallrye._private] (ServerService Thread Pool -- 48) WFLYCONF0001: Activating WildFly MicroProfile Config Subsystem
13:21:06,766 INFO  [org.jboss.as.jaxrs] (ServerService Thread Pool -- 41) WFLYRS0016: RESTEasy version 3.9.1.Final
13:21:06,782 INFO  [org.jboss.as.connector.subsystems.datasources] (ServerService Thread Pool -- 34) WFLYJCA0004: Deploying JDBC-compliant driver class org.h2.Driver (version 1.4)
13:21:06,817 INFO  [org.jboss.as.clustering.jgroups] (ServerService Thread Pool -- 43) WFLYCLJG0001: Activating JGroups subsystem. JGroups version 4.1.4
13:21:06,833 INFO  [org.wildfly.extension.microprofile.health.smallrye] (ServerService Thread Pool -- 49) WFLYHEALTH0001: Activating Eclipse MicroProfile Health Subsystem
13:21:06,839 INFO  [org.jboss.as.security] (MSC service thread 1-4) WFLYSEC0001: Current PicketBox version=5.0.3.Final
13:21:06,877 INFO  [org.jboss.as.connector] (MSC service thread 1-3) WFLYJCA0009: Starting JCA Subsystem (WildFly/IronJacamar 1.4.17.Final)
13:21:06,924 INFO  [org.jboss.remoting] (MSC service thread 1-1) JBoss Remoting version 5.0.15.Final
13:21:06,935 INFO  [org.jboss.as.naming] (MSC service thread 1-3) WFLYNAM0003: Starting Naming Service
13:21:06,972 INFO  [org.jboss.as.connector.subsystems.datasources] (ServerService Thread Pool -- 34) WFLYJCA0005: Deploying non-JDBC-compliant driver class org.mariadb.jdbc.Driver (version 2.2)
13:21:06,978 INFO  [org.jboss.as.mail.extension] (MSC service thread 1-4) WFLYMAIL0001: Bound mail session [java:jboss/mail/Default]
13:21:06,999 INFO  [org.wildfly.extension.microprofile.metrics.smallrye] (ServerService Thread Pool -- 50) WFLYMETRICS0001: Activating Eclipse MicroProfile Metrics Subsystem
13:21:07,078 INFO  [org.wildfly.extension.undertow] (MSC service thread 1-4) WFLYUT0003: Undertow 2.0.27.Final starting
13:21:07,115 INFO  [org.jboss.as.connector.deployers.jdbc] (MSC service thread 1-4) WFLYJCA0018: Started Driver service with driver-name = mariadb
13:21:07,064 INFO  [org.jboss.as.connector.deployers.jdbc] (MSC service thread 1-1) WFLYJCA0018: Started Driver service with driver-name = h2
13:21:07,202 WARN  [org.wildfly.clustering.web.undertow] (ServerService Thread Pool -- 58) WFLYCLWEBUT0007: No routing provider found for default-server; using legacy provider based on static configuration
13:21:07,225 INFO  [org.wildfly.extension.undertow] (ServerService Thread Pool -- 58) WFLYUT0014: Creating file handler for path '/opt/jboss/keycloak/welcome-content' with options [directory-listing: 'false', follow-symlink: 'false', case-sensitive: 'true', safe-symlink-paths: '[]']
13:21:07,245 INFO  [org.jboss.as.ejb3] (MSC service thread 1-1) WFLYEJB0482: Strict pool mdb-strict-max-pool is using a max instance size of 8 (per class), which is derived from the number of CPUs on this host.
13:21:07,261 INFO  [org.jboss.as.ejb3] (MSC service thread 1-3) WFLYEJB0481: Strict pool slsb-strict-max-pool is using a max instance size of 32 (per class), which is derived from thread worker pool sizing.
13:21:07,478 INFO  [org.wildfly.extension.undertow] (MSC service thread 1-3) WFLYUT0012: Started server default-server.
13:21:07,500 INFO  [org.wildfly.extension.undertow] (MSC service thread 1-3) WFLYUT0018: Host default-host starting
13:21:07,615 INFO  [org.wildfly.extension.undertow] (MSC service thread 1-3) WFLYUT0006: Undertow AJP listener ajp listening on 0.0.0.0:8009
13:21:07,617 INFO  [org.wildfly.extension.undertow] (MSC service thread 1-2) WFLYUT0006: Undertow HTTP listener default listening on 0.0.0.0:8080
13:21:07,637 INFO  [org.jboss.modcluster] (ServerService Thread Pool -- 60) MODCLUSTER000001: Initializing mod_cluster version 1.4.1.Final
13:21:07,761 INFO  [org.jboss.modcluster] (ServerService Thread Pool -- 60) MODCLUSTER000032: Listening to proxy advertisements on /224.0.1.105:23364
13:21:07,841 INFO  [org.jboss.as.ejb3] (MSC service thread 1-2) WFLYEJB0493: EJB subsystem suspension complete
13:21:07,863 INFO  [org.jboss.as.patching] (MSC service thread 1-3) WFLYPAT0050: Keycloak cumulative patch ID is: base, one-off patches include: none
13:21:07,895 WARN  [org.jboss.as.domain.management.security] (MSC service thread 1-4) WFLYDM0111: Keystore /opt/jboss/keycloak/standalone/configuration/application.keystore not found, it will be auto generated on first use with a self signed certificate for host localhost
13:21:07,939 INFO  [org.jboss.as.server.deployment.scanner] (MSC service thread 1-2) WFLYDS0013: Started FileSystemDeploymentService for directory /opt/jboss/keycloak/standalone/deployments
13:21:07,951 INFO  [org.jboss.as.connector.subsystems.datasources] (MSC service thread 1-1) WFLYJCA0001: Bound data source [java:jboss/datasources/KeycloakDS]
13:21:07,952 INFO  [org.jboss.as.connector.subsystems.datasources] (MSC service thread 1-1) WFLYJCA0001: Bound data source [java:jboss/datasources/ExampleDS]
13:21:07,953 INFO  [org.jboss.as.server.deployment] (MSC service thread 1-2) WFLYSRV0027: Starting deployment of "keycloak-server.war" (runtime-name: "keycloak-server.war")
13:21:08,024 INFO  [org.wildfly.extension.undertow] (MSC service thread 1-3) WFLYUT0006: Undertow HTTPS listener https listening on 0.0.0.0:8443
13:21:08,294 WARN  [org.jboss.as.dependency.private] (MSC service thread 1-2) WFLYSRV0018: Deployment "deployment.keycloak-server.war" is using a private module ("org.kie") which may be changed or removed in future versions without notice.
13:21:08,690 INFO  [org.jgroups.protocols.pbcast.GMS] (ServerService Thread Pool -- 60) 6a0ed8ea0dad: no members discovered after 10 ms: creating cluster as first member
13:21:09,032 INFO  [org.infinispan.factories.GlobalComponentRegistry] (MSC service thread 1-1) ISPN000128: Infinispan version: Infinispan 'Infinity Minus ONE +2' 9.4.16.Final
13:21:09,144 INFO  [org.infinispan.remoting.transport.jgroups.JGroupsTransport] (MSC service thread 1-1) ISPN000078: Starting JGroups channel ejb
13:21:09,146 INFO  [org.infinispan.remoting.transport.jgroups.JGroupsTransport] (MSC service thread 1-4) ISPN000078: Starting JGroups channel ejb
13:21:09,144 INFO  [org.infinispan.remoting.transport.jgroups.JGroupsTransport] (MSC service thread 1-3) ISPN000078: Starting JGroups channel ejb
13:21:09,147 INFO  [org.infinispan.remoting.transport.jgroups.JGroupsTransport] (MSC service thread 1-2) ISPN000078: Starting JGroups channel ejb
13:21:09,156 INFO  [org.infinispan.CLUSTER] (MSC service thread 1-1) ISPN000094: Received new cluster view for channel ejb: [6a0ed8ea0dad|0] (1) [6a0ed8ea0dad]
13:21:09,160 INFO  [org.infinispan.remoting.transport.jgroups.JGroupsTransport] (MSC service thread 1-1) ISPN000079: Channel ejb local address is 6a0ed8ea0dad, physical addresses are [172.17.0.3:7600]
13:21:09,157 INFO  [org.infinispan.CLUSTER] (MSC service thread 1-2) ISPN000094: Received new cluster view for channel ejb: [6a0ed8ea0dad|0] (1) [6a0ed8ea0dad]
13:21:09,157 INFO  [org.infinispan.CLUSTER] (MSC service thread 1-3) ISPN000094: Received new cluster view for channel ejb: [6a0ed8ea0dad|0] (1) [6a0ed8ea0dad]
13:21:09,157 INFO  [org.infinispan.CLUSTER] (MSC service thread 1-4) ISPN000094: Received new cluster view for channel ejb: [6a0ed8ea0dad|0] (1) [6a0ed8ea0dad]
13:21:09,167 INFO  [org.infinispan.remoting.transport.jgroups.JGroupsTransport] (MSC service thread 1-2) ISPN000079: Channel ejb local address is 6a0ed8ea0dad, physical addresses are [172.17.0.3:7600]
13:21:09,176 INFO  [org.infinispan.remoting.transport.jgroups.JGroupsTransport] (MSC service thread 1-4) ISPN000079: Channel ejb local address is 6a0ed8ea0dad, physical addresses are [172.17.0.3:7600]
13:21:09,210 INFO  [org.infinispan.remoting.transport.jgroups.JGroupsTransport] (MSC service thread 1-4) ISPN000078: Starting JGroups channel ejb
13:21:09,212 INFO  [org.infinispan.CLUSTER] (MSC service thread 1-4) ISPN000094: Received new cluster view for channel ejb: [6a0ed8ea0dad|0] (1) [6a0ed8ea0dad]
13:21:09,213 INFO  [org.infinispan.remoting.transport.jgroups.JGroupsTransport] (MSC service thread 1-3) ISPN000079: Channel ejb local address is 6a0ed8ea0dad, physical addresses are [172.17.0.3:7600]
13:21:09,248 INFO  [org.infinispan.remoting.transport.jgroups.JGroupsTransport] (MSC service thread 1-4) ISPN000079: Channel ejb local address is 6a0ed8ea0dad, physical addresses are [172.17.0.3:7600]
13:21:09,452 INFO  [org.jboss.as.clustering.infinispan] (ServerService Thread Pool -- 65) WFLYCLINF0002: Started realms cache from keycloak container
13:21:09,469 INFO  [org.jboss.as.clustering.infinispan] (ServerService Thread Pool -- 66) WFLYCLINF0002: Started keys cache from keycloak container
13:21:09,470 INFO  [org.jboss.as.clustering.infinispan] (ServerService Thread Pool -- 70) WFLYCLINF0002: Started authorization cache from keycloak container
13:21:09,470 INFO  [org.jboss.as.clustering.infinispan] (ServerService Thread Pool -- 67) WFLYCLINF0002: Started users cache from keycloak container
13:21:09,612 INFO  [org.jboss.as.clustering.infinispan] (ServerService Thread Pool -- 72) WFLYCLINF0002: Started client-mappings cache from ejb container
13:21:09,625 INFO  [org.jboss.as.clustering.infinispan] (ServerService Thread Pool -- 60) WFLYCLINF0002: Started offlineSessions cache from keycloak container
13:21:09,638 INFO  [org.jboss.as.clustering.infinispan] (ServerService Thread Pool -- 63) WFLYCLINF0002: Started loginFailures cache from keycloak container
13:21:09,645 INFO  [org.jboss.as.clustering.infinispan] (ServerService Thread Pool -- 71) WFLYCLINF0002: Started offlineClientSessions cache from keycloak container
13:21:09,653 INFO  [org.jboss.as.clustering.infinispan] (ServerService Thread Pool -- 68) WFLYCLINF0002: Started authenticationSessions cache from keycloak container
13:21:09,657 INFO  [org.jboss.as.clustering.infinispan] (ServerService Thread Pool -- 64) WFLYCLINF0002: Started actionTokens cache from keycloak container
13:21:09,661 INFO  [org.jboss.as.clustering.infinispan] (ServerService Thread Pool -- 69) WFLYCLINF0002: Started clientSessions cache from keycloak container
13:21:09,683 INFO  [org.jboss.as.clustering.infinispan] (ServerService Thread Pool -- 61) WFLYCLINF0002: Started work cache from keycloak container
13:21:09,691 INFO  [org.jboss.as.clustering.infinispan] (ServerService Thread Pool -- 62) WFLYCLINF0002: Started sessions cache from keycloak container
13:21:09,779 WARN  [org.jboss.as.server.deployment] (MSC service thread 1-4) WFLYSRV0273: Excluded subsystem webservices via jboss-deployment-structure.xml does not exist.
13:21:10,215 INFO  [org.keycloak.services] (ServerService Thread Pool -- 64) KC-SERVICES0001: Loading config from standalone.xml or domain.xml
13:21:10,562 INFO  [org.keycloak.url.DefaultHostnameProviderFactory] (ServerService Thread Pool -- 64) Frontend: <request>, Admin: <frontend>, Backend: <request>
13:21:10,612 INFO  [org.jboss.as.clustering.infinispan] (ServerService Thread Pool -- 64) WFLYCLINF0002: Started realmRevisions cache from keycloak container
13:21:10,617 INFO  [org.jboss.as.clustering.infinispan] (ServerService Thread Pool -- 64) WFLYCLINF0002: Started userRevisions cache from keycloak container
13:21:10,629 INFO  [org.jboss.as.clustering.infinispan] (ServerService Thread Pool -- 64) WFLYCLINF0002: Started authorizationRevisions cache from keycloak container
13:21:10,630 INFO  [org.keycloak.connections.infinispan.DefaultInfinispanConnectionProviderFactory] (ServerService Thread Pool -- 64) Node name: 6a0ed8ea0dad, Site name: null
13:21:13,577 INFO  [org.keycloak.connections.jpa.updater.liquibase.LiquibaseJpaUpdaterProvider] (ServerService Thread Pool -- 64) Initializing database schema. Using changelog META-INF/jpa-changelog-master.xml
13:21:18,225 INFO  [org.hibernate.jpa.internal.util.LogHelper] (ServerService Thread Pool -- 64) HHH000204: Processing PersistenceUnitInfo [
        name: keycloak-default
        ...]
13:21:18,266 INFO  [org.hibernate.Version] (ServerService Thread Pool -- 64) HHH000412: Hibernate Core {5.3.13.Final}
13:21:18,268 INFO  [org.hibernate.cfg.Environment] (ServerService Thread Pool -- 64) HHH000206: hibernate.properties not found
13:21:18,366 INFO  [org.hibernate.annotations.common.Version] (ServerService Thread Pool -- 64) HCANN000001: Hibernate Commons Annotations {5.0.5.Final}
13:21:18,496 INFO  [org.hibernate.dialect.Dialect] (ServerService Thread Pool -- 64) HHH000400: Using dialect: org.hibernate.dialect.MariaDB103Dialect
13:21:18,535 INFO  [org.hibernate.envers.boot.internal.EnversServiceImpl] (ServerService Thread Pool -- 64) Envers integration enabled? : true
13:21:18,984 INFO  [org.hibernate.orm.beans] (ServerService Thread Pool -- 64) HHH10005002: No explicit CDI BeanManager reference was passed to Hibernate, but CDI is available on the Hibernate ClassLoader.
13:21:19,037 INFO  [org.hibernate.validator.internal.util.Version] (ServerService Thread Pool -- 64) HV000001: Hibernate Validator 6.0.18.Final
13:21:20,208 INFO  [org.hibernate.hql.internal.QueryTranslatorFactoryInitiator] (ServerService Thread Pool -- 64) HHH000397: Using ASTQueryTranslatorFactory
13:21:20,683 INFO  [org.keycloak.services] (ServerService Thread Pool -- 64) KC-SERVICES0050: Initializing master realm
13:21:22,078 INFO  [org.keycloak.services] (ServerService Thread Pool -- 64) KC-SERVICES0006: Importing users from '/opt/jboss/keycloak/standalone/configuration/keycloak-add-user.json'
13:21:22,530 INFO  [org.keycloak.services] (ServerService Thread Pool -- 64) KC-SERVICES0009: Added user 'admin' to realm 'master'
13:21:22,577 INFO  [org.jboss.resteasy.resteasy_jaxrs.i18n] (ServerService Thread Pool -- 64) RESTEASY002225: Deploying javax.ws.rs.core.Application: class org.keycloak.services.resources.KeycloakApplication
13:21:22,577 INFO  [org.jboss.resteasy.resteasy_jaxrs.i18n] (ServerService Thread Pool -- 64) RESTEASY002205: Adding provider class org.keycloak.services.error.KeycloakErrorHandler from Application class org.keycloak.services.resources.KeycloakApplication
13:21:22,578 INFO  [org.jboss.resteasy.resteasy_jaxrs.i18n] (ServerService Thread Pool -- 64) RESTEASY002200: Adding class resource org.keycloak.services.resources.ThemeResource from Application class org.keycloak.services.resources.KeycloakApplication
13:21:22,578 INFO  [org.jboss.resteasy.resteasy_jaxrs.i18n] (ServerService Thread Pool -- 64) RESTEASY002200: Adding class resource org.keycloak.services.resources.JsResource from Application class org.keycloak.services.resources.KeycloakApplication
13:21:22,578 INFO  [org.jboss.resteasy.resteasy_jaxrs.i18n] (ServerService Thread Pool -- 64) RESTEASY002205: Adding provider class org.keycloak.services.filters.KeycloakTransactionCommitter from Application class org.keycloak.services.resources.KeycloakApplication
13:21:22,579 INFO  [org.jboss.resteasy.resteasy_jaxrs.i18n] (ServerService Thread Pool -- 64) RESTEASY002220: Adding singleton resource org.keycloak.services.resources.RobotsResource from Application class org.keycloak.services.resources.KeycloakApplication
13:21:22,579 INFO  [org.jboss.resteasy.resteasy_jaxrs.i18n] (ServerService Thread Pool -- 64) RESTEASY002210: Adding provider singleton org.keycloak.services.util.ObjectMapperResolver from Application class org.keycloak.services.resources.KeycloakApplication
13:21:22,579 INFO  [org.jboss.resteasy.resteasy_jaxrs.i18n] (ServerService Thread Pool -- 64) RESTEASY002220: Adding singleton resource org.keycloak.services.resources.admin.AdminRoot from Application class org.keycloak.services.resources.KeycloakApplication
13:21:22,579 INFO  [org.jboss.resteasy.resteasy_jaxrs.i18n] (ServerService Thread Pool -- 64) RESTEASY002220: Adding singleton resource org.keycloak.services.resources.WelcomeResource from Application class org.keycloak.services.resources.KeycloakApplication
13:21:22,579 INFO  [org.jboss.resteasy.resteasy_jaxrs.i18n] (ServerService Thread Pool -- 64) RESTEASY002220: Adding singleton resource org.keycloak.services.resources.RealmsResource from Application class org.keycloak.services.resources.KeycloakApplication
13:21:22,650 INFO  [org.wildfly.extension.undertow] (ServerService Thread Pool -- 64) WFLYUT0021: Registered web context: '/auth' for server 'default-server'
13:21:22,828 INFO  [org.jboss.as.server] (ServerService Thread Pool -- 46) WFLYSRV0010: Deployed "keycloak-server.war" (runtime-name : "keycloak-server.war")
13:21:22,887 INFO  [org.jboss.as.server] (Controller Boot Thread) WFLYSRV0212: Resuming server
13:21:22,894 INFO  [org.jboss.as] (Controller Boot Thread) WFLYSRV0060: Http management interface listening on http://127.0.0.1:9990/management
13:21:22,895 INFO  [org.jboss.as] (Controller Boot Thread) WFLYSRV0051: Admin console listening on http://127.0.0.1:9990
13:21:22,895 INFO  [org.jboss.as] (Controller Boot Thread) WFLYSRV0025: Keycloak 8.0.1 (WildFly Core 10.0.3.Final) started in 19527ms - Started 683 of 989 services (701 services are lazy, passive or on-demand)
*** JBossAS process (425) received INT signal ***
13:21:37,731 INFO  [org.jboss.as.server] (Thread-1) WFLYSRV0272: Suspending server
13:21:37,736 INFO  [org.jboss.as.ejb3] (Thread-1) WFLYEJB0493: EJB subsystem suspension complete
13:21:37,737 INFO  [org.jboss.as.server] (Thread-1) WFLYSRV0220: Server shutdown has been requested via an OS signal
13:21:37,780 INFO  [org.jboss.as.connector.subsystems.datasources] (MSC service thread 1-1) WFLYJCA0010: Unbound data source [java:jboss/datasources/KeycloakDS]
13:21:37,786 INFO  [org.infinispan.remoting.transport.jgroups.JGroupsTransport] (MSC service thread 1-3) ISPN000080: Disconnecting JGroups channel ejb
13:21:37,787 INFO  [org.infinispan.remoting.transport.jgroups.JGroupsTransport] (MSC service thread 1-2) ISPN000080: Disconnecting JGroups channel ejb
13:21:37,788 INFO  [org.infinispan.remoting.transport.jgroups.JGroupsTransport] (MSC service thread 1-1) ISPN000080: Disconnecting JGroups channel ejb
13:21:37,788 INFO  [org.jboss.as.mail.extension] (MSC service thread 1-2) WFLYMAIL0002: Unbound mail session [java:jboss/mail/Default]
13:21:37,790 INFO  [org.wildfly.extension.undertow] (MSC service thread 1-4) WFLYUT0008: Undertow HTTPS listener https suspending
13:21:37,801 INFO  [org.wildfly.extension.undertow] (ServerService Thread Pool -- 14) WFLYUT0022: Unregistered web context: '/auth' from server 'default-server'
13:21:37,812 INFO  [org.jboss.as.connector.deployers.jdbc] (MSC service thread 1-3) WFLYJCA0019: Stopped Driver service with driver-name = mariadb
13:21:37,814 INFO  [org.wildfly.extension.undertow] (MSC service thread 1-2) WFLYUT0008: Undertow AJP listener ajp suspending
13:21:37,814 INFO  [org.jboss.modcluster] (ServerService Thread Pool -- 19) MODCLUSTER000002: Initiating mod_cluster shutdown
13:21:37,815 INFO  [org.wildfly.extension.undertow] (MSC service thread 1-4) WFLYUT0007: Undertow HTTPS listener https stopped, was bound to 0.0.0.0:8443
13:21:37,819 INFO  [org.wildfly.extension.undertow] (MSC service thread 1-2) WFLYUT0007: Undertow AJP listener ajp stopped, was bound to 0.0.0.0:8009
13:21:37,820 INFO  [org.jboss.as.connector.subsystems.datasources] (MSC service thread 1-1) WFLYJCA0010: Unbound data source [java:jboss/datasources/ExampleDS]
13:21:37,840 INFO  [org.wildfly.extension.undertow] (MSC service thread 1-4) WFLYUT0019: Host default-host stopping
13:21:37,843 INFO  [org.jboss.as.connector.deployers.jdbc] (MSC service thread 1-2) WFLYJCA0019: Stopped Driver service with driver-name = h2
13:21:37,849 INFO  [org.wildfly.extension.undertow] (MSC service thread 1-2) WFLYUT0008: Undertow HTTP listener default suspending
13:21:37,851 INFO  [org.wildfly.extension.undertow] (MSC service thread 1-2) WFLYUT0007: Undertow HTTP listener default stopped, was bound to 0.0.0.0:8080
13:21:37,852 INFO  [org.wildfly.extension.undertow] (MSC service thread 1-3) WFLYUT0004: Undertow 2.0.27.Final stopping
13:21:37,859 INFO  [org.jboss.as.clustering.infinispan] (ServerService Thread Pool -- 9) WFLYCLINF0003: Stopped clientSessions cache from keycloak container
13:21:37,860 INFO  [org.jboss.as.clustering.infinispan] (ServerService Thread Pool -- 19) WFLYCLINF0003: Stopped sessions cache from keycloak container
13:21:37,863 INFO  [org.jboss.as.clustering.infinispan] (ServerService Thread Pool -- 30) WFLYCLINF0003: Stopped authenticationSessions cache from keycloak container
13:21:37,865 INFO  [org.jboss.as.clustering.infinispan] (ServerService Thread Pool -- 10) WFLYCLINF0003: Stopped work cache from keycloak container
13:21:37,866 INFO  [org.jboss.as.clustering.infinispan] (ServerService Thread Pool -- 15) WFLYCLINF0003: Stopped loginFailures cache from keycloak container
13:21:37,866 INFO  [org.jboss.as.clustering.infinispan] (ServerService Thread Pool -- 28) WFLYCLINF0003: Stopped keys cache from keycloak container
13:21:37,868 INFO  [org.jboss.as.clustering.infinispan] (ServerService Thread Pool -- 20) WFLYCLINF0003: Stopped actionTokens cache from keycloak container
13:21:37,871 INFO  [org.jboss.as.clustering.infinispan] (ServerService Thread Pool -- 3) WFLYCLINF0003: Stopped offlineSessions cache from keycloak container
13:21:37,872 INFO  [org.jboss.as.clustering.infinispan] (ServerService Thread Pool -- 16) WFLYCLINF0003: Stopped authorization cache from keycloak container
13:21:37,873 INFO  [org.jboss.as.clustering.infinispan] (ServerService Thread Pool -- 14) WFLYCLINF0003: Stopped client-mappings cache from ejb container
13:21:37,874 INFO  [org.jboss.as.clustering.infinispan] (ServerService Thread Pool -- 24) WFLYCLINF0003: Stopped offlineClientSessions cache from keycloak container
13:21:37,874 INFO  [org.jboss.as.clustering.infinispan] (ServerService Thread Pool -- 17) WFLYCLINF0003: Stopped users cache from keycloak container
13:21:37,875 INFO  [org.infinispan.remoting.transport.jgroups.JGroupsTransport] (MSC service thread 1-2) ISPN000080: Disconnecting JGroups channel ejb
13:21:37,879 INFO  [org.jboss.as.server.deployment] (MSC service thread 1-1) WFLYSRV0028: Stopped deployment keycloak-server.war (runtime-name: keycloak-server.war) in 139ms
13:21:37,910 INFO  [org.jboss.as.clustering.infinispan] (ServerService Thread Pool -- 27) WFLYCLINF0003: Stopped realms cache from keycloak container
13:21:37,920 INFO  [org.infinispan.remoting.transport.jgroups.JGroupsTransport] (MSC service thread 1-1) ISPN000080: Disconnecting JGroups channel ejb
13:21:37,946 ERROR [org.jgroups.protocols.JDBC_PING] (ServerService Thread Pool -- 27) JGRP000115: Could not open connection to database: java.sql.SQLException: javax.resource.ResourceException: IJ000470: You are trying to use a connection factory that has been shut down: java:jboss/datasources/KeycloakDS
        at org.jboss.ironjacamar.jdbcadapters@1.4.17.Final//org.jboss.jca.adapters.jdbc.WrapperDataSource.getConnection(WrapperDataSource.java:159)
        at org.jboss.as.connector@18.0.1.Final//org.jboss.as.connector.subsystems.datasources.WildFlyDataSource.getConnection(WildFlyDataSource.java:64)
        at org.jgroups@4.1.4.Final//org.jgroups.protocols.JDBC_PING.getConnection(JDBC_PING.java:310)
        at org.jgroups@4.1.4.Final//org.jgroups.protocols.JDBC_PING.delete(JDBC_PING.java:345)
        at org.jgroups@4.1.4.Final//org.jgroups.protocols.JDBC_PING.remove(JDBC_PING.java:183)
        at org.jgroups@4.1.4.Final//org.jgroups.protocols.FILE_PING.stop(FILE_PING.java:101)
        at org.jgroups@4.1.4.Final//org.jgroups.protocols.JDBC_PING.stop(JDBC_PING.java:117)
        at java.base/java.util.ArrayList.forEach(ArrayList.java:1540)
        at org.jgroups@4.1.4.Final//org.jgroups.stack.ProtocolStack.stopStack(ProtocolStack.java:906)
        at org.jgroups@4.1.4.Final//org.jgroups.JChannel.stopStack(JChannel.java:1076)
        at org.jgroups@4.1.4.Final//org.jgroups.JChannel.disconnect(JChannel.java:435)
        at org.jboss.as.clustering.jgroups@18.0.1.Final//org.jboss.as.clustering.jgroups.subsystem.ChannelServiceConfigurator.accept(ChannelServiceConfigurator.java:122)
        at org.jboss.as.clustering.jgroups@18.0.1.Final//org.jboss.as.clustering.jgroups.subsystem.ChannelServiceConfigurator.accept(ChannelServiceConfigurator.java:58)
        at org.wildfly.clustering.service@18.0.1.Final//org.wildfly.clustering.service.FunctionalService.stop(FunctionalService.java:77)
        at org.wildfly.clustering.service@18.0.1.Final//org.wildfly.clustering.service.AsyncServiceConfigurator$AsyncService.lambda$stop$1(AsyncServiceConfigurator.java:142)
        at org.jboss.threads@2.3.3.Final//org.jboss.threads.ContextClassLoaderSavingRunnable.run(ContextClassLoaderSavingRunnable.java:35)
        at org.jboss.threads@2.3.3.Final//org.jboss.threads.EnhancedQueueExecutor.safeRun(EnhancedQueueExecutor.java:1982)
        at org.jboss.threads@2.3.3.Final//org.jboss.threads.EnhancedQueueExecutor$ThreadBody.doRunTask(EnhancedQueueExecutor.java:1486)
        at org.jboss.threads@2.3.3.Final//org.jboss.threads.EnhancedQueueExecutor$ThreadBody.run(EnhancedQueueExecutor.java:1377)
        at java.base/java.lang.Thread.run(Thread.java:834)
        at org.jboss.threads@2.3.3.Final//org.jboss.threads.JBossThread.run(JBossThread.java:485)
Caused by: javax.resource.ResourceException: IJ000470: You are trying to use a connection factory that has been shut down: java:jboss/datasources/KeycloakDS
        at org.jboss.ironjacamar.impl@1.4.17.Final//org.jboss.jca.core.connectionmanager.AbstractConnectionManager.allocateConnection(AbstractConnectionManager.java:777)
        at org.jboss.ironjacamar.jdbcadapters@1.4.17.Final//org.jboss.jca.adapters.jdbc.WrapperDataSource.getConnection(WrapperDataSource.java:151)
        ... 20 more

13:21:37,947 ERROR [org.jgroups.protocols.JDBC_PING] (ServerService Thread Pool -- 27) JGRP000215: Failed to delete PingData in database
13:21:37,947 ERROR [org.jgroups.protocols.JDBC_PING] (ServerService Thread Pool -- 27) JGRP000115: Could not open connection to database: java.sql.SQLException: javax.resource.ResourceException: IJ000470: You are trying to use a connection factory that has been shut down: java:jboss/datasources/KeycloakDS
        at org.jboss.ironjacamar.jdbcadapters@1.4.17.Final//org.jboss.jca.adapters.jdbc.WrapperDataSource.getConnection(WrapperDataSource.java:159)
        at org.jboss.as.connector@18.0.1.Final//org.jboss.as.connector.subsystems.datasources.WildFlyDataSource.getConnection(WildFlyDataSource.java:64)
        at org.jgroups@4.1.4.Final//org.jgroups.protocols.JDBC_PING.getConnection(JDBC_PING.java:310)
        at org.jgroups@4.1.4.Final//org.jgroups.protocols.JDBC_PING.clearTable(JDBC_PING.java:361)
        at org.jgroups@4.1.4.Final//org.jgroups.protocols.JDBC_PING.removeAll(JDBC_PING.java:190)
        at org.jgroups@4.1.4.Final//org.jgroups.protocols.JDBC_PING.stop(JDBC_PING.java:119)
        at java.base/java.util.ArrayList.forEach(ArrayList.java:1540)
        at org.jgroups@4.1.4.Final//org.jgroups.stack.ProtocolStack.stopStack(ProtocolStack.java:906)
        at org.jgroups@4.1.4.Final//org.jgroups.JChannel.stopStack(JChannel.java:1076)
        at org.jgroups@4.1.4.Final//org.jgroups.JChannel.disconnect(JChannel.java:435)
        at org.jboss.as.clustering.jgroups@18.0.1.Final//org.jboss.as.clustering.jgroups.subsystem.ChannelServiceConfigurator.accept(ChannelServiceConfigurator.java:122)
        at org.jboss.as.clustering.jgroups@18.0.1.Final//org.jboss.as.clustering.jgroups.subsystem.ChannelServiceConfigurator.accept(ChannelServiceConfigurator.java:58)
        at org.wildfly.clustering.service@18.0.1.Final//org.wildfly.clustering.service.FunctionalService.stop(FunctionalService.java:77)
        at org.wildfly.clustering.service@18.0.1.Final//org.wildfly.clustering.service.AsyncServiceConfigurator$AsyncService.lambda$stop$1(AsyncServiceConfigurator.java:142)
        at org.jboss.threads@2.3.3.Final//org.jboss.threads.ContextClassLoaderSavingRunnable.run(ContextClassLoaderSavingRunnable.java:35)
        at org.jboss.threads@2.3.3.Final//org.jboss.threads.EnhancedQueueExecutor.safeRun(EnhancedQueueExecutor.java:1982)
        at org.jboss.threads@2.3.3.Final//org.jboss.threads.EnhancedQueueExecutor$ThreadBody.doRunTask(EnhancedQueueExecutor.java:1486)
        at org.jboss.threads@2.3.3.Final//org.jboss.threads.EnhancedQueueExecutor$ThreadBody.run(EnhancedQueueExecutor.java:1377)
        at java.base/java.lang.Thread.run(Thread.java:834)
        at org.jboss.threads@2.3.3.Final//org.jboss.threads.JBossThread.run(JBossThread.java:485)
Caused by: javax.resource.ResourceException: IJ000470: You are trying to use a connection factory that has been shut down: java:jboss/datasources/KeycloakDS
        at org.jboss.ironjacamar.impl@1.4.17.Final//org.jboss.jca.core.connectionmanager.AbstractConnectionManager.allocateConnection(AbstractConnectionManager.java:777)
        at org.jboss.ironjacamar.jdbcadapters@1.4.17.Final//org.jboss.jca.adapters.jdbc.WrapperDataSource.getConnection(WrapperDataSource.java:151)
        ... 19 more

13:21:37,947 ERROR [org.jgroups.JChannel] (ServerService Thread Pool -- 27) JGRP000020: failed destroying the protocol stack: java.lang.NullPointerException
        at org.jgroups@4.1.4.Final//org.jgroups.protocols.JDBC_PING.clearTable(JDBC_PING.java:362)
        at org.jgroups@4.1.4.Final//org.jgroups.protocols.JDBC_PING.removeAll(JDBC_PING.java:190)
        at org.jgroups@4.1.4.Final//org.jgroups.protocols.JDBC_PING.stop(JDBC_PING.java:119)
        at java.base/java.util.ArrayList.forEach(ArrayList.java:1540)
        at org.jgroups@4.1.4.Final//org.jgroups.stack.ProtocolStack.stopStack(ProtocolStack.java:906)
        at org.jgroups@4.1.4.Final//org.jgroups.JChannel.stopStack(JChannel.java:1076)
        at org.jgroups@4.1.4.Final//org.jgroups.JChannel.disconnect(JChannel.java:435)
        at org.jboss.as.clustering.jgroups@18.0.1.Final//org.jboss.as.clustering.jgroups.subsystem.ChannelServiceConfigurator.accept(ChannelServiceConfigurator.java:122)
        at org.jboss.as.clustering.jgroups@18.0.1.Final//org.jboss.as.clustering.jgroups.subsystem.ChannelServiceConfigurator.accept(ChannelServiceConfigurator.java:58)
        at org.wildfly.clustering.service@18.0.1.Final//org.wildfly.clustering.service.FunctionalService.stop(FunctionalService.java:77)
        at org.wildfly.clustering.service@18.0.1.Final//org.wildfly.clustering.service.AsyncServiceConfigurator$AsyncService.lambda$stop$1(AsyncServiceConfigurator.java:142)
        at org.jboss.threads@2.3.3.Final//org.jboss.threads.ContextClassLoaderSavingRunnable.run(ContextClassLoaderSavingRunnable.java:35)
        at org.jboss.threads@2.3.3.Final//org.jboss.threads.EnhancedQueueExecutor.safeRun(EnhancedQueueExecutor.java:1982)
        at org.jboss.threads@2.3.3.Final//org.jboss.threads.EnhancedQueueExecutor$ThreadBody.doRunTask(EnhancedQueueExecutor.java:1486)
        at org.jboss.threads@2.3.3.Final//org.jboss.threads.EnhancedQueueExecutor$ThreadBody.run(EnhancedQueueExecutor.java:1377)
        at java.base/java.lang.Thread.run(Thread.java:834)
        at org.jboss.threads@2.3.3.Final//org.jboss.threads.JBossThread.run(JBossThread.java:485)

13:21:37,949 ERROR [org.jgroups.protocols.JDBC_PING] (ServerService Thread Pool -- 27) JGRP000115: Could not open connection to database: java.sql.SQLException: javax.resource.ResourceException: IJ000470: You are trying to use a connection factory that has been shut down: java:jboss/datasources/KeycloakDS
        at org.jboss.ironjacamar.jdbcadapters@1.4.17.Final//org.jboss.jca.adapters.jdbc.WrapperDataSource.getConnection(WrapperDataSource.java:159)
        at org.jboss.as.connector@18.0.1.Final//org.jboss.as.connector.subsystems.datasources.WildFlyDataSource.getConnection(WildFlyDataSource.java:64)
        at org.jgroups@4.1.4.Final//org.jgroups.protocols.JDBC_PING.getConnection(JDBC_PING.java:310)
        at org.jgroups@4.1.4.Final//org.jgroups.protocols.JDBC_PING.delete(JDBC_PING.java:345)
        at org.jgroups@4.1.4.Final//org.jgroups.protocols.JDBC_PING.remove(JDBC_PING.java:183)
        at org.jgroups@4.1.4.Final//org.jgroups.protocols.FILE_PING.stop(FILE_PING.java:101)
        at org.jgroups@4.1.4.Final//org.jgroups.protocols.JDBC_PING.stop(JDBC_PING.java:117)
        at java.base/java.util.ArrayList.forEach(ArrayList.java:1540)
        at org.jgroups@4.1.4.Final//org.jgroups.stack.ProtocolStack.stopStack(ProtocolStack.java:906)
        at org.jgroups@4.1.4.Final//org.jgroups.JChannel.stopStack(JChannel.java:1076)
        at org.jgroups@4.1.4.Final//org.jgroups.JChannel._close(JChannel.java:1063)
        at org.jgroups@4.1.4.Final//org.jgroups.JChannel.close(JChannel.java:454)
        at org.jboss.as.clustering.jgroups@18.0.1.Final//org.jboss.as.clustering.jgroups.subsystem.ChannelServiceConfigurator.accept(ChannelServiceConfigurator.java:132)
        at org.jboss.as.clustering.jgroups@18.0.1.Final//org.jboss.as.clustering.jgroups.subsystem.ChannelServiceConfigurator.accept(ChannelServiceConfigurator.java:58)
        at org.wildfly.clustering.service@18.0.1.Final//org.wildfly.clustering.service.FunctionalService.stop(FunctionalService.java:77)
        at org.wildfly.clustering.service@18.0.1.Final//org.wildfly.clustering.service.AsyncServiceConfigurator$AsyncService.lambda$stop$1(AsyncServiceConfigurator.java:142)
        at org.jboss.threads@2.3.3.Final//org.jboss.threads.ContextClassLoaderSavingRunnable.run(ContextClassLoaderSavingRunnable.java:35)
        at org.jboss.threads@2.3.3.Final//org.jboss.threads.EnhancedQueueExecutor.safeRun(EnhancedQueueExecutor.java:1982)
        at org.jboss.threads@2.3.3.Final//org.jboss.threads.EnhancedQueueExecutor$ThreadBody.doRunTask(EnhancedQueueExecutor.java:1486)
        at org.jboss.threads@2.3.3.Final//org.jboss.threads.EnhancedQueueExecutor$ThreadBody.run(EnhancedQueueExecutor.java:1377)
        at java.base/java.lang.Thread.run(Thread.java:834)
        at org.jboss.threads@2.3.3.Final//org.jboss.threads.JBossThread.run(JBossThread.java:485)
Caused by: javax.resource.ResourceException: IJ000470: You are trying to use a connection factory that has been shut down: java:jboss/datasources/KeycloakDS
        at org.jboss.ironjacamar.impl@1.4.17.Final//org.jboss.jca.core.connectionmanager.AbstractConnectionManager.allocateConnection(AbstractConnectionManager.java:777)
        at org.jboss.ironjacamar.jdbcadapters@1.4.17.Final//org.jboss.jca.adapters.jdbc.WrapperDataSource.getConnection(WrapperDataSource.java:151)
        ... 21 more

13:21:37,949 ERROR [org.jgroups.protocols.JDBC_PING] (ServerService Thread Pool -- 27) JGRP000215: Failed to delete PingData in database
13:21:37,949 ERROR [org.jgroups.protocols.JDBC_PING] (ServerService Thread Pool -- 27) JGRP000115: Could not open connection to database: java.sql.SQLException: javax.resource.ResourceException: IJ000470: You are trying to use a connection factory that has been shut down: java:jboss/datasources/KeycloakDS
        at org.jboss.ironjacamar.jdbcadapters@1.4.17.Final//org.jboss.jca.adapters.jdbc.WrapperDataSource.getConnection(WrapperDataSource.java:159)
        at org.jboss.as.connector@18.0.1.Final//org.jboss.as.connector.subsystems.datasources.WildFlyDataSource.getConnection(WildFlyDataSource.java:64)
        at org.jgroups@4.1.4.Final//org.jgroups.protocols.JDBC_PING.getConnection(JDBC_PING.java:310)
        at org.jgroups@4.1.4.Final//org.jgroups.protocols.JDBC_PING.clearTable(JDBC_PING.java:361)
        at org.jgroups@4.1.4.Final//org.jgroups.protocols.JDBC_PING.removeAll(JDBC_PING.java:190)
        at org.jgroups@4.1.4.Final//org.jgroups.protocols.JDBC_PING.stop(JDBC_PING.java:119)
        at java.base/java.util.ArrayList.forEach(ArrayList.java:1540)
        at org.jgroups@4.1.4.Final//org.jgroups.stack.ProtocolStack.stopStack(ProtocolStack.java:906)
        at org.jgroups@4.1.4.Final//org.jgroups.JChannel.stopStack(JChannel.java:1076)
        at org.jgroups@4.1.4.Final//org.jgroups.JChannel._close(JChannel.java:1063)
        at org.jgroups@4.1.4.Final//org.jgroups.JChannel.close(JChannel.java:454)
        at org.jboss.as.clustering.jgroups@18.0.1.Final//org.jboss.as.clustering.jgroups.subsystem.ChannelServiceConfigurator.accept(ChannelServiceConfigurator.java:132)
        at org.jboss.as.clustering.jgroups@18.0.1.Final//org.jboss.as.clustering.jgroups.subsystem.ChannelServiceConfigurator.accept(ChannelServiceConfigurator.java:58)
        at org.wildfly.clustering.service@18.0.1.Final//org.wildfly.clustering.service.FunctionalService.stop(FunctionalService.java:77)
        at org.wildfly.clustering.service@18.0.1.Final//org.wildfly.clustering.service.AsyncServiceConfigurator$AsyncService.lambda$stop$1(AsyncServiceConfigurator.java:142)
        at org.jboss.threads@2.3.3.Final//org.jboss.threads.ContextClassLoaderSavingRunnable.run(ContextClassLoaderSavingRunnable.java:35)
        at org.jboss.threads@2.3.3.Final//org.jboss.threads.EnhancedQueueExecutor.safeRun(EnhancedQueueExecutor.java:1982)
        at org.jboss.threads@2.3.3.Final//org.jboss.threads.EnhancedQueueExecutor$ThreadBody.doRunTask(EnhancedQueueExecutor.java:1486)
        at org.jboss.threads@2.3.3.Final//org.jboss.threads.EnhancedQueueExecutor$ThreadBody.run(EnhancedQueueExecutor.java:1377)
        at java.base/java.lang.Thread.run(Thread.java:834)
        at org.jboss.threads@2.3.3.Final//org.jboss.threads.JBossThread.run(JBossThread.java:485)
Caused by: javax.resource.ResourceException: IJ000470: You are trying to use a connection factory that has been shut down: java:jboss/datasources/KeycloakDS
        at org.jboss.ironjacamar.impl@1.4.17.Final//org.jboss.jca.core.connectionmanager.AbstractConnectionManager.allocateConnection(AbstractConnectionManager.java:777)
        at org.jboss.ironjacamar.jdbcadapters@1.4.17.Final//org.jboss.jca.adapters.jdbc.WrapperDataSource.getConnection(WrapperDataSource.java:151)
        ... 20 more

13:21:37,949 ERROR [org.jgroups.JChannel] (ServerService Thread Pool -- 27) JGRP000020: failed destroying the protocol stack: java.lang.NullPointerException
        at org.jgroups@4.1.4.Final//org.jgroups.protocols.JDBC_PING.clearTable(JDBC_PING.java:362)
        at org.jgroups@4.1.4.Final//org.jgroups.protocols.JDBC_PING.removeAll(JDBC_PING.java:190)
        at org.jgroups@4.1.4.Final//org.jgroups.protocols.JDBC_PING.stop(JDBC_PING.java:119)
        at java.base/java.util.ArrayList.forEach(ArrayList.java:1540)
        at org.jgroups@4.1.4.Final//org.jgroups.stack.ProtocolStack.stopStack(ProtocolStack.java:906)
        at org.jgroups@4.1.4.Final//org.jgroups.JChannel.stopStack(JChannel.java:1076)
        at org.jgroups@4.1.4.Final//org.jgroups.JChannel._close(JChannel.java:1063)
        at org.jgroups@4.1.4.Final//org.jgroups.JChannel.close(JChannel.java:454)
        at org.jboss.as.clustering.jgroups@18.0.1.Final//org.jboss.as.clustering.jgroups.subsystem.ChannelServiceConfigurator.accept(ChannelServiceConfigurator.java:132)
        at org.jboss.as.clustering.jgroups@18.0.1.Final//org.jboss.as.clustering.jgroups.subsystem.ChannelServiceConfigurator.accept(ChannelServiceConfigurator.java:58)
        at org.wildfly.clustering.service@18.0.1.Final//org.wildfly.clustering.service.FunctionalService.stop(FunctionalService.java:77)
        at org.wildfly.clustering.service@18.0.1.Final//org.wildfly.clustering.service.AsyncServiceConfigurator$AsyncService.lambda$stop$1(AsyncServiceConfigurator.java:142)
        at org.jboss.threads@2.3.3.Final//org.jboss.threads.ContextClassLoaderSavingRunnable.run(ContextClassLoaderSavingRunnable.java:35)
        at org.jboss.threads@2.3.3.Final//org.jboss.threads.EnhancedQueueExecutor.safeRun(EnhancedQueueExecutor.java:1982)
        at org.jboss.threads@2.3.3.Final//org.jboss.threads.EnhancedQueueExecutor$ThreadBody.doRunTask(EnhancedQueueExecutor.java:1486)
        at org.jboss.threads@2.3.3.Final//org.jboss.threads.EnhancedQueueExecutor$ThreadBody.run(EnhancedQueueExecutor.java:1377)
        at java.base/java.lang.Thread.run(Thread.java:834)
        at org.jboss.threads@2.3.3.Final//org.jboss.threads.JBossThread.run(JBossThread.java:485)

13:21:37,963 INFO  [org.jboss.as] (MSC service thread 1-4) WFLYSRV0050: Keycloak 8.0.1 (WildFly Core 10.0.3.Final) stopped in 223ms
*** JBossAS process (425) received TERM signal ***
Added 'admin' to '/opt/jboss/keycloak/standalone/configuration/keycloak-add-user.json', restart server to load user
-b 0.0.0.0
=========================================================================

  Using MariaDB database

=========================================================================

13:22:13,879 INFO  [org.jboss.modules] (CLI command executor) JBoss Modules version 1.9.1.Final
13:22:13,984 INFO  [org.jboss.msc] (CLI command executor) JBoss MSC version 1.4.11.Final
13:22:13,993 INFO  [org.jboss.threads] (CLI command executor) JBoss Threads version 2.3.3.Final
13:22:14,100 INFO  [org.jboss.as] (MSC service thread 1-1) WFLYSRV0049: Keycloak 8.0.1 (WildFly Core 10.0.3.Final) starting
13:22:14,101 DEBUG [org.jboss.as.config] (MSC service thread 1-1) Configured system properties:
        awt.toolkit = sun.awt.X11.XToolkit
        com.ibm.jsse2.overrideDefaultTLS = true
        file.encoding = ANSI_X3.4-1968
        file.separator = /
        java.awt.graphicsenv = sun.awt.X11GraphicsEnvironment
        java.awt.printerjob = sun.print.PSPrinterJob
        java.class.path = /opt/jboss/keycloak/jboss-modules.jar
        java.class.version = 55.0
        java.home = /usr/lib/jvm/java-11-openjdk-11.0.5.10-2.el8_1.x86_64
        java.io.tmpdir = /tmp
        java.library.path = /usr/java/packages/lib:/usr/lib64:/lib64:/lib:/usr/lib
        java.runtime.name = OpenJDK Runtime Environment
        java.runtime.version = 11.0.5+10-LTS
        java.specification.name = Java Platform API Specification
        java.specification.vendor = Oracle Corporation
        java.specification.version = 11
        java.util.logging.manager = org.jboss.logmanager.LogManager
        java.vendor = Oracle Corporation
        java.vendor.url = http://java.oracle.com/
        java.vendor.url.bug = http://bugreport.java.com/bugreport/
        java.vendor.version = 18.9
        java.version = 11.0.5
        java.version.date = 2019-10-15
        java.vm.compressedOopsMode = 32-bit
        java.vm.info = mixed mode, sharing
        java.vm.name = OpenJDK 64-Bit Server VM
        java.vm.specification.name = Java Virtual Machine Specification
        java.vm.specification.vendor = Oracle Corporation
        java.vm.specification.version = 11
        java.vm.vendor = Oracle Corporation
        java.vm.version = 11.0.5+10-LTS
        jboss.home.dir = /opt/jboss/keycloak
        jboss.host.name = 6a0ed8ea0dad
        jboss.modules.dir = /opt/jboss/keycloak/modules
        jboss.modules.system.pkgs = com.sun.java.swing
        jboss.node.name = 6a0ed8ea0dad
        jboss.qualified.host.name = 6a0ed8ea0dad
        jboss.server.base.dir = /opt/jboss/keycloak/standalone
        jboss.server.config.dir = /opt/jboss/keycloak/standalone/configuration
        jboss.server.content.dir = /opt/jboss/keycloak/standalone/data/content
        jboss.server.data.dir = /opt/jboss/keycloak/standalone/data
        jboss.server.deploy.dir = /opt/jboss/keycloak/standalone/data/content
        jboss.server.log.dir = /opt/jboss/keycloak/standalone/log
        jboss.server.name = 6a0ed8ea0dad
        jboss.server.persist.config = true
        jboss.server.temp.dir = /opt/jboss/keycloak/standalone/tmp
        jdk.debug = release
        line.separator =

        logging.configuration = file:/opt/jboss/keycloak/bin/jboss-cli-logging.properties
        module.path = /opt/jboss/keycloak/modules
        org.jboss.boot.log.file = /opt/jboss/keycloak/standalone/log/server.log
        org.jboss.resolver.warning = true
        org.wildfly.logging.embedded = false
        os.arch = amd64
        os.name = Linux
        os.version = 4.14.35-1902.7.3.1.el7uek.x86_64
        path.separator = :
        sun.arch.data.model = 64
        sun.boot.library.path = /usr/lib/jvm/java-11-openjdk-11.0.5.10-2.el8_1.x86_64/lib
        sun.cpu.endian = little
        sun.cpu.isalist =
        sun.io.unicode.encoding = UnicodeLittle
        sun.java.command = /opt/jboss/keycloak/jboss-modules.jar -mp /opt/jboss/keycloak/modules org.jboss.as.cli --file=/opt/jboss/tools/cli/databases/mariadb/standalone-configuration.cli
        sun.java.launcher = SUN_STANDARD
        sun.jnu.encoding = ANSI_X3.4-1968
        sun.management.compiler = HotSpot 64-Bit Tiered Compilers
        sun.os.patch.level = unknown
        user.country = US
        user.dir = /opt/jboss/keycloak
        user.home = /opt/jboss
        user.language = en
        user.name = jboss
        user.timezone = GMT
13:22:14,103 DEBUG [org.jboss.as.config] (MSC service thread 1-1) VM Arguments: --add-exports=java.base/sun.nio.ch=ALL-UNNAMED --add-exports=jdk.unsupported/sun.misc=ALL-UNNAMED --add-exports=jdk.unsupported/sun.reflect=ALL-UNNAMED -Djboss.modules.system.pkgs=com.sun.java.swing -Dcom.ibm.jsse2.overrideDefaultTLS=true -Dlogging.configuration=file:/opt/jboss/keycloak/bin/jboss-cli-logging.properties
13:22:15,010 INFO  [org.wildfly.security] (ServerService Thread Pool -- 20) ELY00001: WildFly Elytron version 1.10.4.Final
13:22:15,728 INFO  [org.jboss.as.controller.management-deprecated] (Controller Boot Thread) WFLYCTL0028: Attribute 'security-realm' in the resource at address '/core-service=management/management-interface=http-interface' is deprecated, and may be removed in a future version. See the attribute description in the output of the read-resource-description operation to learn more about the deprecation.
13:22:15,823 INFO  [org.jboss.as.controller.management-deprecated] (Controller Boot Thread) WFLYCTL0028: Attribute 'security-realm' in the resource at address '/subsystem=undertow/server=default-server/https-listener=https' is deprecated, and may be removed in a future version. See the attribute description in the output of the read-resource-description operation to learn more about the deprecation.
13:22:15,974 INFO  [org.jboss.as.patching] (MSC service thread 1-2) WFLYPAT0050: Keycloak cumulative patch ID is: base, one-off patches include: none
13:22:16,001 WARN  [org.jboss.as.domain.management.security] (MSC service thread 1-4) WFLYDM0111: Keystore /opt/jboss/keycloak/standalone/configuration/application.keystore not found, it will be auto generated on first use with a self signed certificate for host localhost
13:22:16,108 INFO  [org.jboss.as.server] (Controller Boot Thread) WFLYSRV0212: Resuming server
13:22:16,109 INFO  [org.jboss.as] (Controller Boot Thread) WFLYSRV0025: Keycloak 8.0.1 (WildFly Core 10.0.3.Final) started in 2178ms - Started 55 of 78 services (32 services are lazy, passive or on-demand)
The batch failed with the following error: :
WFLYCTL0062: Composite operation failed and was rolled back. Steps that failed:
Step: step-9
Operation: /subsystem=datasources/jdbc-driver=mariadb:add(driver-name=mariadb, driver-module-name=org.mariadb.jdbc, driver-xa-datasource-class-name=org.mariadb.jdbc.MySQLDataSource)
Failure: WFLYCTL0212: Duplicate resource [
    ("subsystem" => "datasources"),
    ("jdbc-driver" => "mariadb")
]

13:22:16,270 INFO  [org.jboss.as] (MSC service thread 1-2) WFLYSRV0050: Keycloak 8.0.1 (WildFly Core 10.0.3.Final) stopped in 22ms
13:22:17,692 INFO  [org.jboss.modules] (CLI command executor) JBoss Modules version 1.9.1.Final
13:22:17,792 INFO  [org.jboss.msc] (CLI command executor) JBoss MSC version 1.4.11.Final
13:22:17,802 INFO  [org.jboss.threads] (CLI command executor) JBoss Threads version 2.3.3.Final
13:22:17,918 INFO  [org.jboss.as] (MSC service thread 1-2) WFLYSRV0049: Keycloak 8.0.1 (WildFly Core 10.0.3.Final) starting
13:22:17,920 DEBUG [org.jboss.as.config] (MSC service thread 1-2) Configured system properties:
        awt.toolkit = sun.awt.X11.XToolkit
        com.ibm.jsse2.overrideDefaultTLS = true
        file.encoding = ANSI_X3.4-1968
        file.separator = /
        java.awt.graphicsenv = sun.awt.X11GraphicsEnvironment
        java.awt.printerjob = sun.print.PSPrinterJob
        java.class.path = /opt/jboss/keycloak/jboss-modules.jar
        java.class.version = 55.0
        java.home = /usr/lib/jvm/java-11-openjdk-11.0.5.10-2.el8_1.x86_64
        java.io.tmpdir = /tmp
        java.library.path = /usr/java/packages/lib:/usr/lib64:/lib64:/lib:/usr/lib
        java.runtime.name = OpenJDK Runtime Environment
        java.runtime.version = 11.0.5+10-LTS
        java.specification.name = Java Platform API Specification
        java.specification.vendor = Oracle Corporation
        java.specification.version = 11
        java.util.logging.manager = org.jboss.logmanager.LogManager
        java.vendor = Oracle Corporation
        java.vendor.url = http://java.oracle.com/
        java.vendor.url.bug = http://bugreport.java.com/bugreport/
        java.vendor.version = 18.9
        java.version = 11.0.5
        java.version.date = 2019-10-15
        java.vm.compressedOopsMode = 32-bit
        java.vm.info = mixed mode, sharing
        java.vm.name = OpenJDK 64-Bit Server VM
        java.vm.specification.name = Java Virtual Machine Specification
        java.vm.specification.vendor = Oracle Corporation
        java.vm.specification.version = 11
        java.vm.vendor = Oracle Corporation
        java.vm.version = 11.0.5+10-LTS
        jboss.home.dir = /opt/jboss/keycloak
        jboss.host.name = 6a0ed8ea0dad
        jboss.modules.dir = /opt/jboss/keycloak/modules
        jboss.modules.system.pkgs = com.sun.java.swing
        jboss.node.name = 6a0ed8ea0dad
        jboss.qualified.host.name = 6a0ed8ea0dad
        jboss.server.base.dir = /opt/jboss/keycloak/standalone
        jboss.server.config.dir = /opt/jboss/keycloak/standalone/configuration
        jboss.server.content.dir = /opt/jboss/keycloak/standalone/data/content
        jboss.server.data.dir = /opt/jboss/keycloak/standalone/data
        jboss.server.deploy.dir = /opt/jboss/keycloak/standalone/data/content
        jboss.server.log.dir = /opt/jboss/keycloak/standalone/log
        jboss.server.name = 6a0ed8ea0dad
        jboss.server.persist.config = true
        jboss.server.temp.dir = /opt/jboss/keycloak/standalone/tmp
        jdk.debug = release
        line.separator =

        logging.configuration = file:/opt/jboss/keycloak/bin/jboss-cli-logging.properties
        module.path = /opt/jboss/keycloak/modules
        org.jboss.boot.log.file = /opt/jboss/keycloak/standalone/log/server.log
        org.jboss.resolver.warning = true
        org.wildfly.logging.embedded = false
        os.arch = amd64
        os.name = Linux
        os.version = 4.14.35-1902.7.3.1.el7uek.x86_64
        path.separator = :
        sun.arch.data.model = 64
        sun.boot.library.path = /usr/lib/jvm/java-11-openjdk-11.0.5.10-2.el8_1.x86_64/lib
        sun.cpu.endian = little
        sun.cpu.isalist =
        sun.io.unicode.encoding = UnicodeLittle
        sun.java.command = /opt/jboss/keycloak/jboss-modules.jar -mp /opt/jboss/keycloak/modules org.jboss.as.cli --file=/opt/jboss/tools/cli/databases/mariadb/standalone-ha-configuration.cli
        sun.java.launcher = SUN_STANDARD
        sun.jnu.encoding = ANSI_X3.4-1968
        sun.management.compiler = HotSpot 64-Bit Tiered Compilers
        sun.os.patch.level = unknown
        user.country = US
        user.dir = /opt/jboss/keycloak
        user.home = /opt/jboss
        user.language = en
        user.name = jboss
        user.timezone = GMT
13:22:17,928 DEBUG [org.jboss.as.config] (MSC service thread 1-2) VM Arguments: --add-exports=java.base/sun.nio.ch=ALL-UNNAMED --add-exports=jdk.unsupported/sun.misc=ALL-UNNAMED --add-exports=jdk.unsupported/sun.reflect=ALL-UNNAMED -Djboss.modules.system.pkgs=com.sun.java.swing -Dcom.ibm.jsse2.overrideDefaultTLS=true -Dlogging.configuration=file:/opt/jboss/keycloak/bin/jboss-cli-logging.properties
13:22:18,811 INFO  [org.wildfly.security] (ServerService Thread Pool -- 22) ELY00001: WildFly Elytron version 1.10.4.Final
13:22:19,756 INFO  [org.jboss.as.controller.management-deprecated] (Controller Boot Thread) WFLYCTL0028: Attribute 'security-realm' in the resource at address '/core-service=management/management-interface=http-interface' is deprecated, and may be removed in a future version. See the attribute description in the output of the read-resource-description operation to learn more about the deprecation.
13:22:19,863 INFO  [org.jboss.as.controller.management-deprecated] (Controller Boot Thread) WFLYCTL0028: Attribute 'security-realm' in the resource at address '/subsystem=undertow/server=default-server/https-listener=https' is deprecated, and may be removed in a future version. See the attribute description in the output of the read-resource-description operation to learn more about the deprecation.
13:22:20,055 INFO  [org.jboss.as.patching] (MSC service thread 1-1) WFLYPAT0050: Keycloak cumulative patch ID is: base, one-off patches include: none
13:22:20,090 WARN  [org.jboss.as.domain.management.security] (MSC service thread 1-3) WFLYDM0111: Keystore /opt/jboss/keycloak/standalone/configuration/application.keystore not found, it will be auto generated on first use with a self signed certificate for host localhost
13:22:20,204 INFO  [org.jboss.as.server] (Controller Boot Thread) WFLYSRV0212: Resuming server
13:22:20,208 INFO  [org.jboss.as] (Controller Boot Thread) WFLYSRV0025: Keycloak 8.0.1 (WildFly Core 10.0.3.Final) started in 2477ms - Started 55 of 85 services (39 services are lazy, passive or on-demand)
The batch failed with the following error: :
WFLYCTL0062: Composite operation failed and was rolled back. Steps that failed:
Step: step-9
Operation: /subsystem=datasources/jdbc-driver=mariadb:add(driver-name=mariadb, driver-module-name=org.mariadb.jdbc, driver-xa-datasource-class-name=org.mariadb.jdbc.MySQLDataSource)
Failure: WFLYCTL0212: Duplicate resource [
    ("subsystem" => "datasources"),
    ("jdbc-driver" => "mariadb")
]

13:22:20,345 INFO  [org.jboss.as] (MSC service thread 1-4) WFLYSRV0050: Keycloak 8.0.1 (WildFly Core 10.0.3.Final) stopped in 22ms
Setting JGroups discovery to JDBC_PING with properties {datasource_jndi_name=>java:jboss/datasources/KeycloakDS}
[vagrant@oracle7 ~]$ sudo docker ps -a
CONTAINER ID        IMAGE                              COMMAND                  CREATED              STATUS                     PORTS               NAMES
6a0ed8ea0dad        quay.io/keycloak/keycloak:latest   "/opt/jboss/tools/do…"   About a minute ago   Exited (1) 9 seconds ago                       laughing_pare
754e908ec1bd        mariadb                            "docker-entrypoint.s…"   6 minutes ago        Up 3 minutes               3306/tcp            stupefied_lovelace
